Command line invocation:
    /Applications/Xcode.app/Contents/Developer/usr/bin/xcodebuild -project Spotted.xcodeproj -scheme Spotted -sdk iphonesimulator build

Build settings from command line:
    SDKROOT = iphonesimulator26.0

2025-11-07 21:59:56.462 xcodebuild[9390:1431017] [MT] IDERunDestination: Supported platforms for the buildables in the current scheme is empty.
--- xcodebuild: WARNING: Using the first of multiple matching destinations:
{ platform:iOS Simulator, id:dvtdevice-DVTiOSDeviceSimulatorPlaceholder-iphonesimulator:placeholder, name:Any iOS Simulator Device }
{ platform:iOS Simulator, arch:arm64, id:2B0A8335-562C-456F-8732-8E9D351704F7, OS:18.5, name:iPad (A16) }
{ platform:iOS Simulator, arch:x86_64, id:2B0A8335-562C-456F-8732-8E9D351704F7, OS:18.5, name:iPad (A16) }
{ platform:iOS Simulator, arch:arm64, id:742D2070-9508-4BA7-95F9-E0860FBF40BE, OS:26.0.1, name:iPad (A16) }
{ platform:iOS Simulator, arch:arm64, id:2AB5E74D-81AC-4504-A851-767715BBA5B8, OS:18.5, name:iPad Air 11-inch (M3) }
{ platform:iOS Simulator, arch:x86_64, id:2AB5E74D-81AC-4504-A851-767715BBA5B8, OS:18.5, name:iPad Air 11-inch (M3) }
{ platform:iOS Simulator, arch:arm64, id:8D9C30F7-DBA1-43D2-A4D6-88210B12BC49, OS:26.0.1, name:iPad Air 11-inch (M3) }
{ platform:iOS Simulator, arch:arm64, id:D8FC6734-7BDA-4501-827A-54C02826FE77, OS:18.5, name:iPad Air 13-inch (M3) }
{ platform:iOS Simulator, arch:x86_64, id:D8FC6734-7BDA-4501-827A-54C02826FE77, OS:18.5, name:iPad Air 13-inch (M3) }
{ platform:iOS Simulator, arch:arm64, id:0AAA0137-E989-408F-87CB-D2BA0BF97450, OS:26.0.1, name:iPad Air 13-inch (M3) }
{ platform:iOS Simulator, arch:arm64, id:97536098-B3B6-4AA6-A937-8219D9B24E79, OS:18.5, name:iPad Pro 11-inch (M4) }
{ platform:iOS Simulator, arch:x86_64, id:97536098-B3B6-4AA6-A937-8219D9B24E79, OS:18.5, name:iPad Pro 11-inch (M4) }
{ platform:iOS Simulator, arch:arm64, id:6FD05883-8537-4BB2-9E3A-3C5E2B3AC650, OS:26.0.1, name:iPad Pro 11-inch (M4) }
{ platform:iOS Simulator, arch:arm64, id:C0287F5D-409F-4C27-A72F-56810F1CE2EB, OS:18.5, name:iPad Pro 13-inch (M4) }
{ platform:iOS Simulator, arch:x86_64, id:C0287F5D-409F-4C27-A72F-56810F1CE2EB, OS:18.5, name:iPad Pro 13-inch (M4) }
{ platform:iOS Simulator, arch:arm64, id:E88B3031-507E-42AE-AED4-F2BF8EBD7647, OS:26.0.1, name:iPad Pro 13-inch (M4) }
{ platform:iOS Simulator, arch:arm64, id:F1746185-9A74-43AB-9983-61923A4916AA, OS:18.5, name:iPad mini (A17 Pro) }
{ platform:iOS Simulator, arch:x86_64, id:F1746185-9A74-43AB-9983-61923A4916AA, OS:18.5, name:iPad mini (A17 Pro) }
{ platform:iOS Simulator, arch:arm64, id:1F05FA2B-C4B3-4E58-A99A-ED659DF15EE1, OS:26.0.1, name:iPad mini (A17 Pro) }
{ platform:iOS Simulator, arch:arm64, id:0DB81596-2EA9-4EF1-82DE-E7F5CC128F25, OS:18.5, name:iPhone 16 }
{ platform:iOS Simulator, arch:x86_64, id:0DB81596-2EA9-4EF1-82DE-E7F5CC128F25, OS:18.5, name:iPhone 16 }
{ platform:iOS Simulator, arch:arm64, id:41D948B7-D6D4-486D-AF2A-AA12F773193B, OS:18.5, name:iPhone 16 Plus }
{ platform:iOS Simulator, arch:x86_64, id:41D948B7-D6D4-486D-AF2A-AA12F773193B, OS:18.5, name:iPhone 16 Plus }
{ platform:iOS Simulator, arch:arm64, id:8BFE978C-8B3A-49EA-B6D7-C79796386AE0, OS:18.5, name:iPhone 16 Pro }
{ platform:iOS Simulator, arch:x86_64, id:8BFE978C-8B3A-49EA-B6D7-C79796386AE0, OS:18.5, name:iPhone 16 Pro }
{ platform:iOS Simulator, arch:arm64, id:6EA3B018-9273-4B1B-8018-81BF8C602BC6, OS:18.5, name:iPhone 16 Pro Max }
{ platform:iOS Simulator, arch:x86_64, id:6EA3B018-9273-4B1B-8018-81BF8C602BC6, OS:18.5, name:iPhone 16 Pro Max }
{ platform:iOS Simulator, arch:arm64, id:92C999C3-F96F-461F-A778-178357C91130, OS:18.5, name:iPhone 16e }
{ platform:iOS Simulator, arch:x86_64, id:92C999C3-F96F-461F-A778-178357C91130, OS:18.5, name:iPhone 16e }
{ platform:iOS Simulator, arch:arm64, id:E4AE0A9F-59D9-479F-89C7-698F2623499A, OS:26.0.1, name:iPhone 16e }
{ platform:iOS Simulator, arch:arm64, id:E637A316-D1BA-47A9-92D4-9DB83669F4AC, OS:26.0.1, name:iPhone 17 }
{ platform:iOS Simulator, arch:arm64, id:2A9A1625-3D57-4CD5-B59D-0235CC78DBCF, OS:26.0.1, name:iPhone 17 Pro }
{ platform:iOS Simulator, arch:arm64, id:21200347-4741-4BFC-9FCA-F6F4192CEB7D, OS:26.0.1, name:iPhone 17 Pro Max }
{ platform:iOS Simulator, arch:arm64, id:DE0C31BD-C94A-455E-AAB9-6FB7AB84406D, OS:26.0.1, name:iPhone Air }
{ platform:iOS, id:dvtdevice-DVTiPhonePlaceholder-iphoneos:placeholder, name:Any iOS Device }
{ platform:iOS, arch:arm64, id:00008120-000C2DA13C87C01E, name:dua.com  }
{ platform:iOS, arch:arm64, id:00008150-000279963C00401C, name:Edonâ€™s iPhone }
ComputePackagePrebuildTargetDependencyGraph

Prepare packages

CreateBuildRequest

SendProjectDescription

CreateBuildOperation

ComputeTargetDependencyGraph
note: Building targets in dependency order
note: Target dependency graph (1 target)
    Target 'Spotted' in project 'Spotted' (no dependencies)

GatherProvisioningInputs

CreateBuildDescription

ExecuteExternalTool /Applications/Xcode.app/Contents/Developer/Toolchains/XcodeDefault.xctoolchain/usr/bin/clang -v -E -dM -isysroot /Applications/Xcode.app/Contents/Developer/Platforms/iPhoneSimulator.platform/Developer/SDKs/iPhoneSimulator26.0.sdk -x c -c /dev/null

ExecuteExternalTool /Applications/Xcode.app/Contents/Developer/usr/bin/actool --print-asset-tag-combinations --output-format xml1 /Users/doruntinaramadani/Desktop/Spotted/Spotted/Resources/Assets.xcassets

ExecuteExternalTool /Applications/Xcode.app/Contents/Developer/usr/bin/actool --version --output-format xml1

ExecuteExternalTool /Applications/Xcode.app/Contents/Developer/Toolchains/XcodeDefault.xctoolchain/usr/bin/swiftc --version

ExecuteExternalTool /Applications/Xcode.app/Contents/Developer/Toolchains/XcodeDefault.xctoolchain/usr/bin/ld -version_details

Build description signature: 3693210c9b1a462634da9c8f7623e63c
Build description path: /Users/doruntinaramadani/Library/Developer/Xcode/DerivedData/Spotted-brcxybqlpflvpncnqryylsihpvhi/Build/Intermediates.noindex/XCBuildData/3693210c9b1a462634da9c8f7623e63c.xcbuilddata
ClangStatCache /Applications/Xcode.app/Contents/Developer/Toolchains/XcodeDefault.xctoolchain/usr/bin/clang-stat-cache /Applications/Xcode.app/Contents/Developer/Platforms/iPhoneSimulator.platform/Developer/SDKs/iPhoneSimulator26.0.sdk /Users/doruntinaramadani/Library/Developer/Xcode/DerivedData/SDKStatCaches.noindex/iphonesimulator26.0-23A339-26257891a6c027eb51374368541b8346.sdkstatcache
    cd /Users/doruntinaramadani/Desktop/Spotted/Spotted.xcodeproj
    /Applications/Xcode.app/Contents/Developer/Toolchains/XcodeDefault.xctoolchain/usr/bin/clang-stat-cache /Applications/Xcode.app/Contents/Developer/Platforms/iPhoneSimulator.platform/Developer/SDKs/iPhoneSimulator26.0.sdk -o /Users/doruntinaramadani/Library/Developer/Xcode/DerivedData/SDKStatCaches.noindex/iphonesimulator26.0-23A339-26257891a6c027eb51374368541b8346.sdkstatcache

WriteAuxiliaryFile /Users/doruntinaramadani/Library/Developer/Xcode/DerivedData/Spotted-brcxybqlpflvpncnqryylsihpvhi/Build/Intermediates.noindex/Spotted.build/Debug-iphonesimulator/Spotted.build/Objects-normal/x86_64/Spotted.SwiftFileList (in target 'Spotted' from project 'Spotted')
    cd /Users/doruntinaramadani/Desktop/Spotted
    write-file /Users/doruntinaramadani/Library/Developer/Xcode/DerivedData/Spotted-brcxybqlpflvpncnqryylsihpvhi/Build/Intermediates.noindex/Spotted.build/Debug-iphonesimulator/Spotted.build/Objects-normal/x86_64/Spotted.SwiftFileList

WriteAuxiliaryFile /Users/doruntinaramadani/Library/Developer/Xcode/DerivedData/Spotted-brcxybqlpflvpncnqryylsihpvhi/Build/Intermediates.noindex/Spotted.build/Debug-iphonesimulator/Spotted.build/Objects-normal/x86_64/Spotted.LinkFileList (in target 'Spotted' from project 'Spotted')
    cd /Users/doruntinaramadani/Desktop/Spotted
    write-file /Users/doruntinaramadani/Library/Developer/Xcode/DerivedData/Spotted-brcxybqlpflvpncnqryylsihpvhi/Build/Intermediates.noindex/Spotted.build/Debug-iphonesimulator/Spotted.build/Objects-normal/x86_64/Spotted.LinkFileList

WriteAuxiliaryFile /Users/doruntinaramadani/Library/Developer/Xcode/DerivedData/Spotted-brcxybqlpflvpncnqryylsihpvhi/Build/Intermediates.noindex/Spotted.build/Debug-iphonesimulator/Spotted.build/Objects-normal/x86_64/Spotted.SwiftConstValuesFileList (in target 'Spotted' from project 'Spotted')
    cd /Users/doruntinaramadani/Desktop/Spotted
    write-file /Users/doruntinaramadani/Library/Developer/Xcode/DerivedData/Spotted-brcxybqlpflvpncnqryylsihpvhi/Build/Intermediates.noindex/Spotted.build/Debug-iphonesimulator/Spotted.build/Objects-normal/x86_64/Spotted.SwiftConstValuesFileList

WriteAuxiliaryFile /Users/doruntinaramadani/Library/Developer/Xcode/DerivedData/Spotted-brcxybqlpflvpncnqryylsihpvhi/Build/Intermediates.noindex/Spotted.build/Debug-iphonesimulator/Spotted.build/Objects-normal/x86_64/Spotted-OutputFileMap.json (in target 'Spotted' from project 'Spotted')
    cd /Users/doruntinaramadani/Desktop/Spotted
    write-file /Users/doruntinaramadani/Library/Developer/Xcode/DerivedData/Spotted-brcxybqlpflvpncnqryylsihpvhi/Build/Intermediates.noindex/Spotted.build/Debug-iphonesimulator/Spotted.build/Objects-normal/x86_64/Spotted-OutputFileMap.json

WriteAuxiliaryFile /Users/doruntinaramadani/Library/Developer/Xcode/DerivedData/Spotted-brcxybqlpflvpncnqryylsihpvhi/Build/Intermediates.noindex/Spotted.build/Debug-iphonesimulator/Spotted.build/Objects-normal/arm64/Spotted.SwiftFileList (in target 'Spotted' from project 'Spotted')
    cd /Users/doruntinaramadani/Desktop/Spotted
    write-file /Users/doruntinaramadani/Library/Developer/Xcode/DerivedData/Spotted-brcxybqlpflvpncnqryylsihpvhi/Build/Intermediates.noindex/Spotted.build/Debug-iphonesimulator/Spotted.build/Objects-normal/arm64/Spotted.SwiftFileList

WriteAuxiliaryFile /Users/doruntinaramadani/Library/Developer/Xcode/DerivedData/Spotted-brcxybqlpflvpncnqryylsihpvhi/Build/Intermediates.noindex/Spotted.build/Debug-iphonesimulator/Spotted.build/Objects-normal/arm64/Spotted.SwiftConstValuesFileList (in target 'Spotted' from project 'Spotted')
    cd /Users/doruntinaramadani/Desktop/Spotted
    write-file /Users/doruntinaramadani/Library/Developer/Xcode/DerivedData/Spotted-brcxybqlpflvpncnqryylsihpvhi/Build/Intermediates.noindex/Spotted.build/Debug-iphonesimulator/Spotted.build/Objects-normal/arm64/Spotted.SwiftConstValuesFileList

WriteAuxiliaryFile /Users/doruntinaramadani/Library/Developer/Xcode/DerivedData/Spotted-brcxybqlpflvpncnqryylsihpvhi/Build/Intermediates.noindex/Spotted.build/Debug-iphonesimulator/Spotted.build/Objects-normal/arm64/Spotted.LinkFileList (in target 'Spotted' from project 'Spotted')
    cd /Users/doruntinaramadani/Desktop/Spotted
    write-file /Users/doruntinaramadani/Library/Developer/Xcode/DerivedData/Spotted-brcxybqlpflvpncnqryylsihpvhi/Build/Intermediates.noindex/Spotted.build/Debug-iphonesimulator/Spotted.build/Objects-normal/arm64/Spotted.LinkFileList

WriteAuxiliaryFile /Users/doruntinaramadani/Library/Developer/Xcode/DerivedData/Spotted-brcxybqlpflvpncnqryylsihpvhi/Build/Intermediates.noindex/Spotted.build/Debug-iphonesimulator/Spotted.build/Objects-normal/arm64/Spotted-OutputFileMap.json (in target 'Spotted' from project 'Spotted')
    cd /Users/doruntinaramadani/Desktop/Spotted
    write-file /Users/doruntinaramadani/Library/Developer/Xcode/DerivedData/Spotted-brcxybqlpflvpncnqryylsihpvhi/Build/Intermediates.noindex/Spotted.build/Debug-iphonesimulator/Spotted.build/Objects-normal/arm64/Spotted-OutputFileMap.json

GenerateAssetSymbols /Users/doruntinaramadani/Desktop/Spotted/Spotted/Resources/Assets.xcassets (in target 'Spotted' from project 'Spotted')
    cd /Users/doruntinaramadani/Desktop/Spotted
    /Applications/Xcode.app/Contents/Developer/usr/bin/actool /Users/doruntinaramadani/Desktop/Spotted/Spotted/Resources/Assets.xcassets --compile /Users/doruntinaramadani/Library/Developer/Xcode/DerivedData/Spotted-brcxybqlpflvpncnqryylsihpvhi/Build/Products/Debug-iphonesimulator/Spotted.app --output-format human-readable-text --notices --warnings --export-dependency-info /Users/doruntinaramadani/Library/Developer/Xcode/DerivedData/Spotted-brcxybqlpflvpncnqryylsihpvhi/Build/Intermediates.noindex/Spotted.build/Debug-iphonesimulator/Spotted.build/assetcatalog_dependencies --output-partial-info-plist /Users/doruntinaramadani/Library/Developer/Xcode/DerivedData/Spotted-brcxybqlpflvpncnqryylsihpvhi/Build/Intermediates.noindex/Spotted.build/Debug-iphonesimulator/Spotted.build/assetcatalog_generated_info.plist --compress-pngs --enable-on-demand-resources YES --development-region en --target-device iphone --target-device ipad --minimum-deployment-target 17.0 --platform iphonesimulator --bundle-identifier com.spotteasdaad.app --generate-swift-asset-symbol-extensions NO --generate-swift-asset-symbols /Users/doruntinaramadani/Library/Developer/Xcode/DerivedData/Spotted-brcxybqlpflvpncnqryylsihpvhi/Build/Intermediates.noindex/Spotted.build/Debug-iphonesimulator/Spotted.build/DerivedSources/GeneratedAssetSymbols.swift --generate-objc-asset-symbols /Users/doruntinaramadani/Library/Developer/Xcode/DerivedData/Spotted-brcxybqlpflvpncnqryylsihpvhi/Build/Intermediates.noindex/Spotted.build/Debug-iphonesimulator/Spotted.build/DerivedSources/GeneratedAssetSymbols.h --generate-asset-symbol-index /Users/doruntinaramadani/Library/Developer/Xcode/DerivedData/Spotted-brcxybqlpflvpncnqryylsihpvhi/Build/Intermediates.noindex/Spotted.build/Debug-iphonesimulator/Spotted.build/DerivedSources/GeneratedAssetSymbols-Index.plist
/* com.apple.actool.document.warnings */
/Users/doruntinaramadani/Desktop/Spotted/Spotted/Resources/Assets.xcassets:./AppIcon.appiconset/(null)[2d][icon.png]: warning: The app icon set "AppIcon" has an unassigned child.
/Users/doruntinaramadani/Desktop/Spotted/Spotted/Resources/Assets.xcassets:./AppIcon.appiconset/(null)[2d][icon.png]: warning: The app icon set "AppIcon" has an unassigned child.
/* com.apple.actool.compilation-results */
/Users/doruntinaramadani/Library/Developer/Xcode/DerivedData/Spotted-brcxybqlpflvpncnqryylsihpvhi/Build/Intermediates.noindex/Spotted.build/Debug-iphonesimulator/Spotted.build/DerivedSources/GeneratedAssetSymbols-Index.plist
/Users/doruntinaramadani/Library/Developer/Xcode/DerivedData/Spotted-brcxybqlpflvpncnqryylsihpvhi/Build/Intermediates.noindex/Spotted.build/Debug-iphonesimulator/Spotted.build/DerivedSources/GeneratedAssetSymbols.h
/Users/doruntinaramadani/Library/Developer/Xcode/DerivedData/Spotted-brcxybqlpflvpncnqryylsihpvhi/Build/Intermediates.noindex/Spotted.build/Debug-iphonesimulator/Spotted.build/DerivedSources/GeneratedAssetSymbols.swift


CompileAssetCatalogVariant thinned /Users/doruntinaramadani/Library/Developer/Xcode/DerivedData/Spotted-brcxybqlpflvpncnqryylsihpvhi/Build/Products/Debug-iphonesimulator/Spotted.app /Users/doruntinaramadani/Desktop/Spotted/Spotted/Resources/Assets.xcassets (in target 'Spotted' from project 'Spotted')
    cd /Users/doruntinaramadani/Desktop/Spotted
    /Applications/Xcode.app/Contents/Developer/usr/bin/actool /Users/doruntinaramadani/Desktop/Spotted/Spotted/Resources/Assets.xcassets --compile /Users/doruntinaramadani/Library/Developer/Xcode/DerivedData/Spotted-brcxybqlpflvpncnqryylsihpvhi/Build/Intermediates.noindex/Spotted.build/Debug-iphonesimulator/Spotted.build/assetcatalog_output/thinned --output-format human-readable-text --notices --warnings --export-dependency-info /Users/doruntinaramadani/Library/Developer/Xcode/DerivedData/Spotted-brcxybqlpflvpncnqryylsihpvhi/Build/Intermediates.noindex/Spotted.build/Debug-iphonesimulator/Spotted.build/assetcatalog_dependencies_thinned --output-partial-info-plist /Users/doruntinaramadani/Library/Developer/Xcode/DerivedData/Spotted-brcxybqlpflvpncnqryylsihpvhi/Build/Intermediates.noindex/Spotted.build/Debug-iphonesimulator/Spotted.build/assetcatalog_generated_info.plist_thinned --compress-pngs --enable-on-demand-resources YES --development-region en --target-device iphone --target-device ipad --minimum-deployment-target 17.0 --platform iphonesimulator

SwiftDriver Spotted normal arm64 com.apple.xcode.tools.swift.compiler (in target 'Spotted' from project 'Spotted')
    cd /Users/doruntinaramadani/Desktop/Spotted
    builtin-SwiftDriver -- /Applications/Xcode.app/Contents/Developer/Toolchains/XcodeDefault.xctoolchain/usr/bin/swiftc -module-name Spotted -Onone -enforce-exclusivity\=checked @/Users/doruntinaramadani/Library/Developer/Xcode/DerivedData/Spotted-brcxybqlpflvpncnqryylsihpvhi/Build/Intermediates.noindex/Spotted.build/Debug-iphonesimulator/Spotted.build/Objects-normal/arm64/Spotted.SwiftFileList -enable-bare-slash-regex -enable-experimental-feature DebugDescriptionMacro -sdk /Applications/Xcode.app/Contents/Developer/Platforms/iPhoneSimulator.platform/Developer/SDKs/iPhoneSimulator26.0.sdk -target arm64-apple-ios17.0-simulator -g -module-cache-path /Users/doruntinaramadani/Library/Developer/Xcode/DerivedData/ModuleCache.noindex -Xfrontend -serialize-debugging-options -enable-testing -index-store-path /Users/doruntinaramadani/Library/Developer/Xcode/DerivedData/Spotted-brcxybqlpflvpncnqryylsihpvhi/Index.noindex/DataStore -Xcc -D_LIBCPP_HARDENING_MODE\=_LIBCPP_HARDENING_MODE_DEBUG -swift-version 5 -I /Users/doruntinaramadani/Library/Developer/Xcode/DerivedData/Spotted-brcxybqlpflvpncnqryylsihpvhi/Build/Products/Debug-iphonesimulator -F /Users/doruntinaramadani/Library/Developer/Xcode/DerivedData/Spotted-brcxybqlpflvpncnqryylsihpvhi/Build/Products/Debug-iphonesimulator -emit-localized-strings -emit-localized-strings-path /Users/doruntinaramadani/Library/Developer/Xcode/DerivedData/Spotted-brcxybqlpflvpncnqryylsihpvhi/Build/Intermediates.noindex/Spotted.build/Debug-iphonesimulator/Spotted.build/Objects-normal/arm64 -c -j10 -enable-batch-mode -incremental -Xcc -ivfsstatcache -Xcc /Users/doruntinaramadani/Library/Developer/Xcode/DerivedData/SDKStatCaches.noindex/iphonesimulator26.0-23A339-26257891a6c027eb51374368541b8346.sdkstatcache -output-file-map /Users/doruntinaramadani/Library/Developer/Xcode/DerivedData/Spotted-brcxybqlpflvpncnqryylsihpvhi/Build/Intermediates.noindex/Spotted.build/Debug-iphonesimulator/Spotted.build/Objects-normal/arm64/Spotted-OutputFileMap.json -use-frontend-parseable-output -save-temps -no-color-diagnostics -explicit-module-build -module-cache-path /Users/doruntinaramadani/Library/Developer/Xcode/DerivedData/Spotted-brcxybqlpflvpncnqryylsihpvhi/Build/Intermediates.noindex/SwiftExplicitPrecompiledModules -clang-scanner-module-cache-path /Users/doruntinaramadani/Library/Developer/Xcode/DerivedData/ModuleCache.noindex -sdk-module-cache-path /Users/doruntinaramadani/Library/Developer/Xcode/DerivedData/ModuleCache.noindex -serialize-diagnostics -emit-dependencies -emit-module -emit-module-path /Users/doruntinaramadani/Library/Developer/Xcode/DerivedData/Spotted-brcxybqlpflvpncnqryylsihpvhi/Build/Intermediates.noindex/Spotted.build/Debug-iphonesimulator/Spotted.build/Objects-normal/arm64/Spotted.swiftmodule -validate-clang-modules-once -clang-build-session-file /Users/doruntinaramadani/Library/Developer/Xcode/DerivedData/ModuleCache.noindex/Session.modulevalidation -Xcc -I/Users/doruntinaramadani/Library/Developer/Xcode/DerivedData/Spotted-brcxybqlpflvpncnqryylsihpvhi/Build/Intermediates.noindex/Spotted.build/Debug-iphonesimulator/Spotted.build/swift-overrides.hmap -emit-const-values -Xfrontend -const-gather-protocols-file -Xfrontend /Users/doruntinaramadani/Library/Developer/Xcode/DerivedData/Spotted-brcxybqlpflvpncnqryylsihpvhi/Build/Intermediates.noindex/Spotted.build/Debug-iphonesimulator/Spotted.build/Objects-normal/arm64/Spotted_const_extract_protocols.json -Xcc -iquote -Xcc /Users/doruntinaramadani/Library/Developer/Xcode/DerivedData/Spotted-brcxybqlpflvpncnqryylsihpvhi/Build/Intermediates.noindex/Spotted.build/Debug-iphonesimulator/Spotted.build/Spotted-generated-files.hmap -Xcc -I/Users/doruntinaramadani/Library/Developer/Xcode/DerivedData/Spotted-brcxybqlpflvpncnqryylsihpvhi/Build/Intermediates.noindex/Spotted.build/Debug-iphonesimulator/Spotted.build/Spotted-own-target-headers.hmap -Xcc -I/Users/doruntinaramadani/Library/Developer/Xcode/DerivedData/Spotted-brcxybqlpflvpncnqryylsihpvhi/Build/Intermediates.noindex/Spotted.build/Debug-iphonesimulator/Spotted.build/Spotted-all-target-headers.hmap -Xcc -iquote -Xcc /Users/doruntinaramadani/Library/Developer/Xcode/DerivedData/Spotted-brcxybqlpflvpncnqryylsihpvhi/Build/Intermediates.noindex/Spotted.build/Debug-iphonesimulator/Spotted.build/Spotted-project-headers.hmap -Xcc -I/Users/doruntinaramadani/Library/Developer/Xcode/DerivedData/Spotted-brcxybqlpflvpncnqryylsihpvhi/Build/Products/Debug-iphonesimulator/include -Xcc -I/Users/doruntinaramadani/Library/Developer/Xcode/DerivedData/Spotted-brcxybqlpflvpncnqryylsihpvhi/Build/Intermediates.noindex/Spotted.build/Debug-iphonesimulator/Spotted.build/DerivedSources-normal/arm64 -Xcc -I/Users/doruntinaramadani/Library/Developer/Xcode/DerivedData/Spotted-brcxybqlpflvpncnqryylsihpvhi/Build/Intermediates.noindex/Spotted.build/Debug-iphonesimulator/Spotted.build/DerivedSources/arm64 -Xcc -I/Users/doruntinaramadani/Library/Developer/Xcode/DerivedData/Spotted-brcxybqlpflvpncnqryylsihpvhi/Build/Intermediates.noindex/Spotted.build/Debug-iphonesimulator/Spotted.build/DerivedSources -emit-objc-header -emit-objc-header-path /Users/doruntinaramadani/Library/Developer/Xcode/DerivedData/Spotted-brcxybqlpflvpncnqryylsihpvhi/Build/Intermediates.noindex/Spotted.build/Debug-iphonesimulator/Spotted.build/Objects-normal/arm64/Spotted-Swift.h -working-directory /Users/doruntinaramadani/Desktop/Spotted -experimental-emit-module-separately -disable-cmo

SwiftDriver Spotted normal x86_64 com.apple.xcode.tools.swift.compiler (in target 'Spotted' from project 'Spotted')
    cd /Users/doruntinaramadani/Desktop/Spotted
    builtin-SwiftDriver -- /Applications/Xcode.app/Contents/Developer/Toolchains/XcodeDefault.xctoolchain/usr/bin/swiftc -module-name Spotted -Onone -enforce-exclusivity\=checked @/Users/doruntinaramadani/Library/Developer/Xcode/DerivedData/Spotted-brcxybqlpflvpncnqryylsihpvhi/Build/Intermediates.noindex/Spotted.build/Debug-iphonesimulator/Spotted.build/Objects-normal/x86_64/Spotted.SwiftFileList -enable-bare-slash-regex -enable-experimental-feature DebugDescriptionMacro -sdk /Applications/Xcode.app/Contents/Developer/Platforms/iPhoneSimulator.platform/Developer/SDKs/iPhoneSimulator26.0.sdk -target x86_64-apple-ios17.0-simulator -g -module-cache-path /Users/doruntinaramadani/Library/Developer/Xcode/DerivedData/ModuleCache.noindex -Xfrontend -serialize-debugging-options -enable-testing -index-store-path /Users/doruntinaramadani/Library/Developer/Xcode/DerivedData/Spotted-brcxybqlpflvpncnqryylsihpvhi/Index.noindex/DataStore -Xcc -D_LIBCPP_HARDENING_MODE\=_LIBCPP_HARDENING_MODE_DEBUG -swift-version 5 -I /Users/doruntinaramadani/Library/Developer/Xcode/DerivedData/Spotted-brcxybqlpflvpncnqryylsihpvhi/Build/Products/Debug-iphonesimulator -F /Users/doruntinaramadani/Library/Developer/Xcode/DerivedData/Spotted-brcxybqlpflvpncnqryylsihpvhi/Build/Products/Debug-iphonesimulator -emit-localized-strings -emit-localized-strings-path /Users/doruntinaramadani/Library/Developer/Xcode/DerivedData/Spotted-brcxybqlpflvpncnqryylsihpvhi/Build/Intermediates.noindex/Spotted.build/Debug-iphonesimulator/Spotted.build/Objects-normal/x86_64 -c -j10 -enable-batch-mode -incremental -Xcc -ivfsstatcache -Xcc /Users/doruntinaramadani/Library/Developer/Xcode/DerivedData/SDKStatCaches.noindex/iphonesimulator26.0-23A339-26257891a6c027eb51374368541b8346.sdkstatcache -output-file-map /Users/doruntinaramadani/Library/Developer/Xcode/DerivedData/Spotted-brcxybqlpflvpncnqryylsihpvhi/Build/Intermediates.noindex/Spotted.build/Debug-iphonesimulator/Spotted.build/Objects-normal/x86_64/Spotted-OutputFileMap.json -use-frontend-parseable-output -save-temps -no-color-diagnostics -explicit-module-build -module-cache-path /Users/doruntinaramadani/Library/Developer/Xcode/DerivedData/Spotted-brcxybqlpflvpncnqryylsihpvhi/Build/Intermediates.noindex/SwiftExplicitPrecompiledModules -clang-scanner-module-cache-path /Users/doruntinaramadani/Library/Developer/Xcode/DerivedData/ModuleCache.noindex -sdk-module-cache-path /Users/doruntinaramadani/Library/Developer/Xcode/DerivedData/ModuleCache.noindex -serialize-diagnostics -emit-dependencies -emit-module -emit-module-path /Users/doruntinaramadani/Library/Developer/Xcode/DerivedData/Spotted-brcxybqlpflvpncnqryylsihpvhi/Build/Intermediates.noindex/Spotted.build/Debug-iphonesimulator/Spotted.build/Objects-normal/x86_64/Spotted.swiftmodule -validate-clang-modules-once -clang-build-session-file /Users/doruntinaramadani/Library/Developer/Xcode/DerivedData/ModuleCache.noindex/Session.modulevalidation -Xcc -I/Users/doruntinaramadani/Library/Developer/Xcode/DerivedData/Spotted-brcxybqlpflvpncnqryylsihpvhi/Build/Intermediates.noindex/Spotted.build/Debug-iphonesimulator/Spotted.build/swift-overrides.hmap -emit-const-values -Xfrontend -const-gather-protocols-file -Xfrontend /Users/doruntinaramadani/Library/Developer/Xcode/DerivedData/Spotted-brcxybqlpflvpncnqryylsihpvhi/Build/Intermediates.noindex/Spotted.build/Debug-iphonesimulator/Spotted.build/Objects-normal/x86_64/Spotted_const_extract_protocols.json -Xcc -iquote -Xcc /Users/doruntinaramadani/Library/Developer/Xcode/DerivedData/Spotted-brcxybqlpflvpncnqryylsihpvhi/Build/Intermediates.noindex/Spotted.build/Debug-iphonesimulator/Spotted.build/Spotted-generated-files.hmap -Xcc -I/Users/doruntinaramadani/Library/Developer/Xcode/DerivedData/Spotted-brcxybqlpflvpncnqryylsihpvhi/Build/Intermediates.noindex/Spotted.build/Debug-iphonesimulator/Spotted.build/Spotted-own-target-headers.hmap -Xcc -I/Users/doruntinaramadani/Library/Developer/Xcode/DerivedData/Spotted-brcxybqlpflvpncnqryylsihpvhi/Build/Intermediates.noindex/Spotted.build/Debug-iphonesimulator/Spotted.build/Spotted-all-target-headers.hmap -Xcc -iquote -Xcc /Users/doruntinaramadani/Library/Developer/Xcode/DerivedData/Spotted-brcxybqlpflvpncnqryylsihpvhi/Build/Intermediates.noindex/Spotted.build/Debug-iphonesimulator/Spotted.build/Spotted-project-headers.hmap -Xcc -I/Users/doruntinaramadani/Library/Developer/Xcode/DerivedData/Spotted-brcxybqlpflvpncnqryylsihpvhi/Build/Products/Debug-iphonesimulator/include -Xcc -I/Users/doruntinaramadani/Library/Developer/Xcode/DerivedData/Spotted-brcxybqlpflvpncnqryylsihpvhi/Build/Intermediates.noindex/Spotted.build/Debug-iphonesimulator/Spotted.build/DerivedSources-normal/x86_64 -Xcc -I/Users/doruntinaramadani/Library/Developer/Xcode/DerivedData/Spotted-brcxybqlpflvpncnqryylsihpvhi/Build/Intermediates.noindex/Spotted.build/Debug-iphonesimulator/Spotted.build/DerivedSources/x86_64 -Xcc -I/Users/doruntinaramadani/Library/Developer/Xcode/DerivedData/Spotted-brcxybqlpflvpncnqryylsihpvhi/Build/Intermediates.noindex/Spotted.build/Debug-iphonesimulator/Spotted.build/DerivedSources -emit-objc-header -emit-objc-header-path /Users/doruntinaramadani/Library/Developer/Xcode/DerivedData/Spotted-brcxybqlpflvpncnqryylsihpvhi/Build/Intermediates.noindex/Spotted.build/Debug-iphonesimulator/Spotted.build/Objects-normal/x86_64/Spotted-Swift.h -working-directory /Users/doruntinaramadani/Desktop/Spotted -experimental-emit-module-separately -disable-cmo

SwiftCompile normal x86_64 Compiling\ ProfileView.swift /Users/doruntinaramadani/Desktop/Spotted/Spotted/Presentation/Features/Profile/ProfileView.swift (in target 'Spotted' from project 'Spotted')
SwiftCompile normal x86_64 /Users/doruntinaramadani/Desktop/Spotted/Spotted/Presentation/Features/Profile/ProfileView.swift (in target 'Spotted' from project 'Spotted')
    cd /Users/doruntinaramadani/Desktop/Spotted
    

SwiftEmitModule normal x86_64 Emitting\ module\ for\ Spotted (in target 'Spotted' from project 'Spotted')
EmitSwiftModule normal x86_64 (in target 'Spotted' from project 'Spotted')
    cd /Users/doruntinaramadani/Desktop/Spotted
    

SwiftCompile normal x86_64 Compiling\ GeneratedAssetSymbols.swift /Users/doruntinaramadani/Library/Developer/Xcode/DerivedData/Spotted-brcxybqlpflvpncnqryylsihpvhi/Build/Intermediates.noindex/Spotted.build/Debug-iphonesimulator/Spotted.build/DerivedSources/GeneratedAssetSymbols.swift (in target 'Spotted' from project 'Spotted')

SwiftCompile normal x86_64 /Users/doruntinaramadani/Library/Developer/Xcode/DerivedData/Spotted-brcxybqlpflvpncnqryylsihpvhi/Build/Intermediates.noindex/Spotted.build/Debug-iphonesimulator/Spotted.build/DerivedSources/GeneratedAssetSymbols.swift (in target 'Spotted' from project 'Spotted')
    cd /Users/doruntinaramadani/Desktop/Spotted
    

SwiftCompile normal x86_64 Compiling\ MatchesView.swift /Users/doruntinaramadani/Desktop/Spotted/Spotted/Presentation/Features/Matches/MatchesView.swift (in target 'Spotted' from project 'Spotted')

SwiftCompile normal x86_64 /Users/doruntinaramadani/Desktop/Spotted/Spotted/Presentation/Features/Matches/MatchesView.swift (in target 'Spotted' from project 'Spotted')
    cd /Users/doruntinaramadani/Desktop/Spotted
    

SwiftCompile normal x86_64 Compiling\ ChatContainerView.swift /Users/doruntinaramadani/Desktop/Spotted/Spotted/Presentation/Features/Matches/ChatContainerView.swift (in target 'Spotted' from project 'Spotted')
Failed frontend command:
/Applications/Xcode.app/Contents/Developer/Toolchains/XcodeDefault.xctoolchain/usr/bin/swift-frontend -frontend -c /Users/doruntinaramadani/Desktop/Spotted/Spotted/Core/DesignSystem/Accessibility.swift /Users/doruntinaramadani/Desktop/Spotted/Spotted/Presentation/Features/CheckIn/CheckInView.swift /Users/doruntinaramadani/Desktop/Spotted/Spotted/Data/Repositories/DataRepository.swift /Users/doruntinaramadani/Desktop/Spotted/Spotted/Presentation/Features/Profile/EditProfileView.swift /Users/doruntinaramadani/Desktop/Spotted/Spotted/Core/DesignSystem/Components/Buttons.swift /Users/doruntinaramadani/Desktop/Spotted/Spotted/Core/Utilities/HapticFeedback.swift /Users/doruntinaramadani/Desktop/Spotted/Spotted/Core/DesignSystem/Typography.swift /Users/doruntinaramadani/Desktop/Spotted/Spotted/Presentation/Common/Components/ViewModifiers.swift /Users/doruntinaramadani/Desktop/Spotted/Spotted/Presentation/Common/ViewModels/AppViewModelModern.swift /Users/doruntinaramadani/Desktop/Spotted/Spotted/Presentation/Features/Discover/ActivityFeedView.swift /Users/doruntinaramadani/Desktop/Spotted/Spotted/Presentation/Features/Map/MapView.swift /Users/doruntinaramadani/Desktop/Spotted/Spotted/Core/DesignSystem/Components/Badges.swift /Users/doruntinaramadani/Desktop/Spotted/Spotted/Data/Models/Category.swift /Users/doruntinaramadani/Desktop/Spotted/Spotted/Presentation/Features/Matches/MatchCelebrationView.swift /Users/doruntinaramadani/Desktop/Spotted/Spotted/Core/DesignSystem/Components/LoadingStates.swift /Users/doruntinaramadani/Desktop/Spotted/Spotted/Presentation/Common/ViewModels/AppViewModel.swift /Users/doruntinaramadani/Desktop/Spotted/Spotted/Core/DesignSystem/Components/TextFields.swift /Users/doruntinaramadani/Desktop/Spotted/Spotted/Presentation/Features/CheckIn/CheckInDetailView.swift /Users/doruntinaramadani/Desktop/Spotted/Spotted/Presentation/MainTabView.swift /Users/doruntinaramadani/Desktop/Spotted/Spotted/Presentation/Common/Components/EmptyStateView.swift /Users/doruntinaramadani/Desktop/Spotted/Spotted/App/SpottedApp.swift /Users/doruntinaramadani/Desktop/Spotted/Spotted/Presentation/Features/Discover/DiscoverView.swift /Users/doruntinaramadani/Desktop/Spotted/Spotted/Data/Models/CheckIn.swift /Users/doruntinaramadani/Desktop/Spotted/Spotted/Data/Models/ProfilePrompt.swift /Users/doruntinaramadani/Desktop/Spotted/Spotted/Presentation/Features/Matches/MatchesView.swift /Users/doruntinaramadani/Desktop/Spotted/Spotted/Presentation/Features/CheckIn/StoryCreationView.swift /Users/doruntinaramadani/Desktop/Spotted/Spotted/Presentation/Features/Profile/SettingsView.swift /Users/doruntinaramadani/Desktop/Spotted/Spotted/Core/DesignSystem/DesignTokens.swift /Users/doruntinaramadani/Desktop/Spotted/Spotted/Presentation/Features/CheckIn/CheckInViewWithMap.swift /Users/doruntinaramadani/Desktop/Spotted/Spotted/Presentation/Features/Onboarding/OnboardingView.swift /Users/doruntinaramadani/Desktop/Spotted/Spotted/Data/Services/LocationManager.swift /Users/doruntinaramadani/Desktop/Spotted/Spotted/Core/Extensions/Date+Extensions.swift /Users/doruntinaramadani/Desktop/Spotted/Spotted/Data/Models/User.swift /Users/doruntinaramadani/Desktop/Spotted/Spotted/Presentation/Features/CheckIn/LocationDetailView.swift /Users/doruntinaramadani/Desktop/Spotted/Spotted/TestDesignSystemView.swift /Users/doruntinaramadani/Desktop/Spotted/Spotted/Presentation/Features/CheckIn/QuickCheckInButton.swift /Users/doruntinaramadani/Desktop/Spotted/Spotted/Presentation/Features/Discover/CategoryDetailView.swift /Users/doruntinaramadani/Desktop/Spotted/Spotted/Core/DesignSystem/Components/Dialogs.swift /Users/doruntinaramadani/Desktop/Spotted/Spotted/Core/Constants/AppConstants.swift /Users/doruntinaramadani/Desktop/Spotted/Spotted/Presentation/Common/Components/SkeletonView.swift /Users/doruntinaramadani/Desktop/Spotted/Spotted/Data/Models/Story.swift /Users/doruntinaramadani/Desktop/Spotted/Spotted/Presentation/Common/Components/ProfileImageView.swift /Users/doruntinaramadani/Desktop/Spotted/Spotted/Presentation/Common/Components/ToastView.swift /Users/doruntinaramadani/Desktop/Spotted/Spotted/Presentation/Common/Components/PhotoPickerView.swift /Users/doruntinaramadani/Desktop/Spotted/Spotted/Core/DesignSystem/Components/Cards.swift /Users/doruntinaramadani/Desktop/Spotted/Spotted/Presentation/Features/CheckIn/CameraCaptureView.swift /Users/doruntinaramadani/Desktop/Spotted/Spotted/Core/Extensions/Color+Extensions.swift /Users/doruntinaramadani/Desktop/Spotted/Spotted/Data/Models/Message.swift /Users/doruntinaramadani/Desktop/Spotted/Spotted/Data/Models/Location.swift /Users/doruntinaramadani/Desktop/Spotted/Spotted/Data/Services/MockDataService.swift /Users/doruntinaramadani/Desktop/Spotted/Spotted/Presentation/Features/Profile/ProfileView.swift /Users/doruntinaramadani/Desktop/Spotted/Spotted/Presentation/Features/Matches/ChatView.swift -primary-file /Users/doruntinaramadani/Desktop/Spotted/Spotted/Presentation/Features/Matches/ChatContainerView.swift /Users/doruntinaramadani/Desktop/Spotted/Spotted/Core/Extensions/View+Extensions.swift /Users/doruntinaramadani/Desktop/Spotted/Spotted/App/SpottedAppModern.swift /Users/doruntinaramadani/Library/Developer/Xcode/DerivedData/Spotted-brcxybqlpflvpncnqryylsihpvhi/Build/Intermediates.noindex/Spotted.build/Debug-iphonesimulator/Spotted.build/DerivedSources/GeneratedAssetSymbols.swift -emit-dependencies-path /Users/doruntinaramadani/Library/Developer/Xcode/DerivedData/Spotted-brcxybqlpflvpncnqryylsihpvhi/Build/Intermediates.noindex/Spotted.build/Debug-iphonesimulator/Spotted.build/Objects-normal/x86_64/ChatContainerView.d -emit-const-values-path /Users/doruntinaramadani/Library/Developer/Xcode/DerivedData/Spotted-brcxybqlpflvpncnqryylsihpvhi/Build/Intermediates.noindex/Spotted.build/Debug-iphonesimulator/Spotted.build/Objects-normal/x86_64/ChatContainerView.swiftconstvalues -emit-reference-dependencies-path /Users/doruntinaramadani/Library/Developer/Xcode/DerivedData/Spotted-brcxybqlpflvpncnqryylsihpvhi/Build/Intermediates.noindex/Spotted.build/Debug-iphonesimulator/Spotted.build/Objects-normal/x86_64/ChatContainerView.swiftdeps -serialize-diagnostics-path /Users/doruntinaramadani/Library/Developer/Xcode/DerivedData/Spotted-brcxybqlpflvpncnqryylsihpvhi/Build/Intermediates.noindex/Spotted.build/Debug-iphonesimulator/Spotted.build/Objects-normal/x86_64/ChatContainerView.dia -emit-localized-strings -emit-localized-strings-path /Users/doruntinaramadani/Library/Developer/Xcode/DerivedData/Spotted-brcxybqlpflvpncnqryylsihpvhi/Build/Intermediates.noindex/Spotted.build/Debug-iphonesimulator/Spotted.build/Objects-normal/x86_64 -target x86_64-apple-ios17.0-simulator -module-can-import-version DeveloperToolsSupport 23.0.4 23.0.4 -disable-cross-import-overlay-search -swift-module-cross-import MapKit /Applications/Xcode.app/Contents/Developer/Platforms/iPhoneSimulator.platform/Developer/SDKs/iPhoneSimulator.sdk/System/Library/Frameworks/MapKit.framework/Modules/MapKit.swiftcrossimport/SwiftUI.swiftoverlay -swift-module-cross-import PhotosUI /Applications/Xcode.app/Contents/Developer/Platforms/iPhoneSimulator.platform/Developer/SDKs/iPhoneSimulator.sdk/System/Library/Frameworks/PhotosUI.framework/Modules/PhotosUI.swiftcrossimport/SwiftUI.swiftoverlay -swift-module-cross-import PhotosUI /Applications/Xcode.app/Contents/Developer/Platforms/iPhoneSimulator.platform/Developer/SDKs/iPhoneSimulator.sdk/System/Library/Frameworks/PhotosUI.framework/Modules/PhotosUI.swiftcrossimport/WidgetKit.swiftoverlay -swift-module-cross-import PhotosUI /Applications/Xcode.app/Contents/Developer/Platforms/iPhoneSimulator.platform/Developer/SDKs/iPhoneSimulator26.0.sdk/System/Library/Frameworks/PhotosUI.framework/Modules/PhotosUI.swiftcrossimport/SwiftUI.swiftoverlay -swift-module-cross-import PhotosUI /Applications/Xcode.app/Contents/Developer/Platforms/iPhoneSimulator.platform/Developer/SDKs/iPhoneSimulator26.0.sdk/System/Library/Frameworks/PhotosUI.framework/Modules/PhotosUI.swiftcrossimport/WidgetKit.swiftoverlay -swift-module-cross-import WebKit /Applications/Xcode.app/Contents/Developer/Platforms/iPhoneSimulator.platform/Developer/SDKs/iPhoneSimulator.sdk/System/Cryptexes/OS/System/Library/Frameworks/WebKit.framework/Modules/WebKit.swiftcrossimport/SwiftUI.swiftoverlay -swift-module-cross-import WebKit /Applications/Xcode.app/Contents/Developer/Platforms/iPhoneSimulator.platform/Developer/SDKs/iPhoneSimulator26.0.sdk/System/Library/Frameworks/WebKit.framework/Modules/WebKit.swiftcrossimport/SwiftUI.swiftoverlay -load-resolved-plugin /Applications/Xcode.app/Contents/Developer/Platforms/iPhoneOS.platform/Developer/usr/lib/swift/host/plugins/libFoundationMacros.dylib\#/Applications/Xcode.app/Contents/Developer/Platforms/iPhoneOS.platform/Developer/usr/bin/swift-plugin-server\#FoundationMacros -load-resolved-plugin /Applications/Xcode.app/Contents/Developer/Platforms/iPhoneOS.platform/Developer/usr/lib/swift/host/plugins/libObservationMacros.dylib\#/Applications/Xcode.app/Contents/Developer/Platforms/iPhoneOS.platform/Developer/usr/bin/swift-plugin-server\#ObservationMacros -load-resolved-plugin /Applications/Xcode.app/Contents/Developer/Platforms/iPhoneOS.platform/Developer/usr/lib/swift/host/plugins/libPreviewsMacros.dylib\#/Applications/Xcode.app/Contents/Developer/Platforms/iPhoneOS.platform/Developer/usr/bin/swift-plugin-server\#PreviewsMacros -load-resolved-plugin /Applications/Xcode.app/Contents/Developer/Platforms/iPhoneOS.platform/Developer/usr/lib/swift/host/plugins/libSwiftMacros.dylib\#/Applications/Xcode.app/Contents/Developer/Platforms/iPhoneOS.platform/Developer/usr/bin/swift-plugin-server\#SwiftMacros -load-resolved-plugin /Applications/Xcode.app/Contents/Developer/Platforms/iPhoneOS.platform/Developer/usr/lib/swift/host/plugins/libSwiftUIMacros.dylib\#/Applications/Xcode.app/Contents/Developer/Platforms/iPhoneOS.platform/Developer/usr/bin/swift-plugin-server\#SwiftUIMacros -disable-implicit-swift-modules -Xcc -fno-implicit-modules -Xcc -fno-implicit-module-maps -explicit-swift-module-map-file /Users/doruntinaramadani/Library/Developer/Xcode/DerivedData/Spotted-brcxybqlpflvpncnqryylsihpvhi/Build/Intermediates.noindex/Spotted.build/Debug-iphonesimulator/Spotted.build/Objects-normal/x86_64/Spotted-dependencies-2.json -enable-objc-interop -sdk /Applications/Xcode.app/Contents/Developer/Platforms/iPhoneSimulator.platform/Developer/SDKs/iPhoneSimulator26.0.sdk -I /Users/doruntinaramadani/Library/Developer/Xcode/DerivedData/Spotted-brcxybqlpflvpncnqryylsihpvhi/Build/Products/Debug-iphonesimulator -F /Users/doruntinaramadani/Library/Developer/Xcode/DerivedData/Spotted-brcxybqlpflvpncnqryylsihpvhi/Build/Products/Debug-iphonesimulator -no-color-diagnostics -Xcc -fno-color-diagnostics -enable-testing -g -debug-info-format\=dwarf -dwarf-version\=4 -module-cache-path /Users/doruntinaramadani/Library/Developer/Xcode/DerivedData/Spotted-brcxybqlpflvpncnqryylsihpvhi/Build/Intermediates.noindex/SwiftExplicitPrecompiledModules -swift-version 5 -enforce-exclusivity\=checked -Onone -serialize-debugging-options -const-gather-protocols-file /Users/doruntinaramadani/Library/Developer/Xcode/DerivedData/Spotted-brcxybqlpflvpncnqryylsihpvhi/Build/Intermediates.noindex/Spotted.build/Debug-iphonesimulator/Spotted.build/Objects-normal/x86_64/Spotted_const_extract_protocols.json -enable-experimental-feature DebugDescriptionMacro -enable-bare-slash-regex -empty-abi-descriptor -validate-clang-modules-once -clang-build-session-file /Users/doruntinaramadani/Library/Developer/Xcode/DerivedData/ModuleCache.noindex/Session.modulevalidation -Xcc -working-directory -Xcc /Users/doruntinaramadani/Desktop/Spotted -enable-anonymous-context-mangled-names -file-compilation-dir /Users/doruntinaramadani/Desktop/Spotted -Xcc -D_LIBCPP_HARDENING_MODE\=_LIBCPP_HARDENING_MODE_DEBUG -Xcc -ivfsstatcache -Xcc /Users/doruntinaramadani/Library/Developer/Xcode/DerivedData/SDKStatCaches.noindex/iphonesimulator26.0-23A339-26257891a6c027eb51374368541b8346.sdkstatcache -Xcc -I/Users/doruntinaramadani/Library/Developer/Xcode/DerivedData/Spotted-brcxybqlpflvpncnqryylsihpvhi/Build/Intermediates.noindex/Spotted.build/Debug-iphonesimulator/Spotted.build/swift-overrides.hmap -Xcc -iquote -Xcc /Users/doruntinaramadani/Library/Developer/Xcode/DerivedData/Spotted-brcxybqlpflvpncnqryylsihpvhi/Build/Intermediates.noindex/Spotted.build/Debug-iphonesimulator/Spotted.build/Spotted-generated-files.hmap -Xcc -I/Users/doruntinaramadani/Library/Developer/Xcode/DerivedData/Spotted-brcxybqlpflvpncnqryylsihpvhi/Build/Intermediates.noindex/Spotted.build/Debug-iphonesimulator/Spotted.build/Spotted-own-target-headers.hmap -Xcc -I/Users/doruntinaramadani/Library/Developer/Xcode/DerivedData/Spotted-brcxybqlpflvpncnqryylsihpvhi/Build/Intermediates.noindex/Spotted.build/Debug-iphonesimulator/Spotted.build/Spotted-all-target-headers.hmap -Xcc -iquote -Xcc /Users/doruntinaramadani/Library/Developer/Xcode/DerivedData/Spotted-brcxybqlpflvpncnqryylsihpvhi/Build/Intermediates.noindex/Spotted.build/Debug-iphonesimulator/Spotted.build/Spotted-project-headers.hmap -Xcc -I/Users/doruntinaramadani/Library/Developer/Xcode/DerivedData/Spotted-brcxybqlpflvpncnqryylsihpvhi/Build/Products/Debug-iphonesimulator/include -Xcc -I/Users/doruntinaramadani/Library/Developer/Xcode/DerivedData/Spotted-brcxybqlpflvpncnqryylsihpvhi/Build/Intermediates.noindex/Spotted.build/Debug-iphonesimulator/Spotted.build/DerivedSources-normal/x86_64 -Xcc -I/Users/doruntinaramadani/Library/Developer/Xcode/DerivedData/Spotted-brcxybqlpflvpncnqryylsihpvhi/Build/Intermediates.noindex/Spotted.build/Debug-iphonesimulator/Spotted.build/DerivedSources/x86_64 -Xcc -I/Users/doruntinaramadani/Library/Developer/Xcode/DerivedData/Spotted-brcxybqlpflvpncnqryylsihpvhi/Build/Intermediates.noindex/Spotted.build/Debug-iphonesimulator/Spotted.build/DerivedSources -no-auto-bridging-header-chaining -module-name Spotted -frontend-parseable-output -disable-clang-spi -target-sdk-version 26.0 -target-sdk-name iphonesimulator26.0 -clang-target x86_64-apple-ios26.0-simulator -in-process-plugin-server-path /Applications/Xcode.app/Contents/Developer/Toolchains/XcodeDefault.xctoolchain/usr/lib/swift/host/libSwiftInProcPluginServer.dylib -o /Users/doruntinaramadani/Library/Developer/Xcode/DerivedData/Spotted-brcxybqlpflvpncnqryylsihpvhi/Build/Intermediates.noindex/Spotted.build/Debug-iphonesimulator/Spotted.build/Objects-normal/x86_64/ChatContainerView.o -index-unit-output-path /Spotted.build/Debug-iphonesimulator/Spotted.build/Objects-normal/x86_64/ChatContainerView.o -index-store-path /Users/doruntinaramadani/Library/Developer/Xcode/DerivedData/Spotted-brcxybqlpflvpncnqryylsihpvhi/Index.noindex/DataStore -index-system-modules

SwiftCompile normal x86_64 /Users/doruntinaramadani/Desktop/Spotted/Spotted/Presentation/Features/Matches/ChatContainerView.swift (in target 'Spotted' from project 'Spotted')
    cd /Users/doruntinaramadani/Desktop/Spotted
    
/Users/doruntinaramadani/Desktop/Spotted/Spotted/Presentation/Features/Matches/ChatContainerView.swift:320:64: error: value of type 'MockDataService' has no member 'sampleConversations'
        ChatContainerView(conversation: MockDataService.shared.sampleConversations[0])
                                        ~~~~~~~~~~~~~~~~~~~~~~ ^~~~~~~~~~~~~~~~~~~
/Users/doruntinaramadani/Desktop/Spotted/Spotted/Presentation/Features/Matches/ChatContainerView.swift:17:20: warning: value 'user' was defined but never used; consider replacing with boolean test
            if let user = otherUser {
               ~~~~^~~~~~~
                                    != nil
/Users/doruntinaramadani/Desktop/Spotted/Spotted/Presentation/Features/Matches/ChatContainerView.swift:247:30: error: incorrect argument labels in call (have '_:in:', expected 'to:text:')
        viewModel.sendMessage(trimmedMessage, in: conversation.id)
                             ^                ~~
                              to:             text
/Users/doruntinaramadani/Desktop/Spotted/Spotted/Presentation/Features/Matches/ChatContainerView.swift:260:49: error: extra argument 'in' in call
        viewModel.sendGif(gif, in: conversation.id)
                         ~~~~~~~~~~~~~~~~~~~~~~~^~~
/Users/doruntinaramadani/Desktop/Spotted/Spotted/Presentation/Features/Matches/ChatContainerView.swift:260:30: error: missing argument for parameter 'gifUrl' in call
        viewModel.sendGif(gif, in: conversation.id)
                             ^
                             , gifUrl: <#String#>
/Users/doruntinaramadani/Desktop/Spotted/Spotted/Presentation/Common/ViewModels/AppViewModel.swift:237:10: note: 'sendGif(to:gifUrl:caption:)' declared here
    func sendGif(to conversationId: String, gifUrl: String, caption: String? = nil) {
         ^
/Users/doruntinaramadani/Desktop/Spotted/Spotted/Presentation/Features/Matches/ChatContainerView.swift:260:27: error: cannot convert value of type 'GifItem' to expected argument type 'String'
        viewModel.sendGif(gif, in: conversation.id)
                          ^
/Users/doruntinaramadani/Desktop/Spotted/Spotted/Presentation/Features/Matches/ChatContainerView.swift:287:59: error: missing argument for parameter 'completion' in call
            if let audioURL = audioRecorder.stopRecording() {
                                                          ^
                                                          completion: <#(URL?, TimeInterval) -> Void#>
/Users/doruntinaramadani/Desktop/Spotted/Spotted/Presentation/Features/Matches/ChatView.swift:744:10: note: 'stopRecording(completion:)' declared here
    func stopRecording(completion: @escaping (URL?, TimeInterval) -> Void) {
         ^
/Users/doruntinaramadani/Desktop/Spotted/Spotted/Presentation/Features/Matches/ChatContainerView.swift:288:68: error: extra argument 'in' in call
                viewModel.sendVoiceMemo(audioURL, in: conversation.id)
                                       ~~~~~~~~~~~~~~~~~~~~~~~~~~~~^~~
/Users/doruntinaramadani/Desktop/Spotted/Spotted/Presentation/Features/Matches/ChatContainerView.swift:288:40: error: missing arguments for parameters 'audioUrl', 'duration' in call
                viewModel.sendVoiceMemo(audioURL, in: conversation.id)
                                       ^
/Users/doruntinaramadani/Desktop/Spotted/Spotted/Presentation/Common/ViewModels/AppViewModel.swift:211:10: note: 'sendVoiceMemo(to:audioUrl:duration:)' declared here
    func sendVoiceMemo(to conversationId: String, audioUrl: String, duration: TimeInterval) {
         ^
/Users/doruntinaramadani/Desktop/Spotted/Spotted/Presentation/Features/Matches/ChatContainerView.swift:309:9: error: cannot find 'ProfileContent' in scope
        ProfileContent(
        ^~~~~~~~~~~~~~

SwiftCompile normal arm64 Compiling\ MatchesView.swift /Users/doruntinaramadani/Desktop/Spotted/Spotted/Presentation/Features/Matches/MatchesView.swift (in target 'Spotted' from project 'Spotted')
SwiftCompile normal arm64 /Users/doruntinaramadani/Desktop/Spotted/Spotted/Presentation/Features/Matches/MatchesView.swift (in target 'Spotted' from project 'Spotted')
    cd /Users/doruntinaramadani/Desktop/Spotted
    

SwiftEmitModule normal arm64 Emitting\ module\ for\ Spotted (in target 'Spotted' from project 'Spotted')

EmitSwiftModule normal arm64 (in target 'Spotted' from project 'Spotted')
    cd /Users/doruntinaramadani/Desktop/Spotted
    

SwiftCompile normal arm64 Compiling\ GeneratedAssetSymbols.swift /Users/doruntinaramadani/Library/Developer/Xcode/DerivedData/Spotted-brcxybqlpflvpncnqryylsihpvhi/Build/Intermediates.noindex/Spotted.build/Debug-iphonesimulator/Spotted.build/DerivedSources/GeneratedAssetSymbols.swift (in target 'Spotted' from project 'Spotted')

SwiftCompile normal arm64 /Users/doruntinaramadani/Library/Developer/Xcode/DerivedData/Spotted-brcxybqlpflvpncnqryylsihpvhi/Build/Intermediates.noindex/Spotted.build/Debug-iphonesimulator/Spotted.build/DerivedSources/GeneratedAssetSymbols.swift (in target 'Spotted' from project 'Spotted')
    cd /Users/doruntinaramadani/Desktop/Spotted
    

SwiftCompile normal arm64 Compiling\ ProfileView.swift /Users/doruntinaramadani/Desktop/Spotted/Spotted/Presentation/Features/Profile/ProfileView.swift (in target 'Spotted' from project 'Spotted')

SwiftCompile normal arm64 /Users/doruntinaramadani/Desktop/Spotted/Spotted/Presentation/Features/Profile/ProfileView.swift (in target 'Spotted' from project 'Spotted')
    cd /Users/doruntinaramadani/Desktop/Spotted
    

SwiftCompile normal arm64 Compiling\ ChatContainerView.swift /Users/doruntinaramadani/Desktop/Spotted/Spotted/Presentation/Features/Matches/ChatContainerView.swift (in target 'Spotted' from project 'Spotted')

SwiftCompile normal arm64 /Users/doruntinaramadani/Desktop/Spotted/Spotted/Presentation/Features/Matches/ChatContainerView.swift (in target 'Spotted' from project 'Spotted')
    cd /Users/doruntinaramadani/Desktop/Spotted
    

SwiftDriverJobDiscovery normal x86_64 Compiling GeneratedAssetSymbols.swift (in target 'Spotted' from project 'Spotted')

SwiftDriverJobDiscovery normal arm64 Compiling GeneratedAssetSymbols.swift (in target 'Spotted' from project 'Spotted')

** BUILD FAILED **


The following build commands failed:
	SwiftCompile normal x86_64 Compiling\ ChatContainerView.swift /Users/doruntinaramadani/Desktop/Spotted/Spotted/Presentation/Features/Matches/ChatContainerView.swift (in target 'Spotted' from project 'Spotted')
	SwiftCompile normal x86_64 /Users/doruntinaramadani/Desktop/Spotted/Spotted/Presentation/Features/Matches/ChatContainerView.swift (in target 'Spotted' from project 'Spotted')
	Building project Spotted with scheme Spotted
(3 failures)
